15:57:37,958 INFO  [Server] Starting JBoss (MX MicroKernel)...
15:57:37,959 INFO  [Server] Release ID: JBoss [Trinity] 4.2.0.GA (build: SVNTag=JBoss_4_2_0_GA date=200705111440)
15:57:37,959 DEBUG [Server] Using config: org.jboss.system.server.ServerConfigImpl@1ab28fe
15:57:37,960 DEBUG [Server] Server type: class org.jboss.system.server.ServerImpl
15:57:37,960 DEBUG [Server] Server loaded through: org.jboss.system.server.NoAnnotationURLClassLoader
15:57:37,960 DEBUG [Server] Boot URLs:
15:57:37,960 DEBUG [Server]   file:/root/jboss-4.2.0.GA/lib/endorsed/xalan.jar
15:57:37,960 DEBUG [Server]   file:/root/jboss-4.2.0.GA/lib/endorsed/serializer.jar
15:57:37,960 DEBUG [Server]   file:/root/jboss-4.2.0.GA/lib/endorsed/xercesImpl.jar
15:57:37,960 DEBUG [Server]   file:/root/jboss-4.2.0.GA/lib/jboss-jmx.jar
15:57:37,960 DEBUG [Server]   file:/root/jboss-4.2.0.GA/lib/concurrent.jar
15:57:37,960 DEBUG [Server]   file:/root/jboss-4.2.0.GA/lib/log4j-boot.jar
15:57:37,960 DEBUG [Server]   file:/root/jboss-4.2.0.GA/lib/jboss-common.jar
15:57:37,960 DEBUG [Server]   file:/root/jboss-4.2.0.GA/lib/jboss-system.jar
15:57:37,960 DEBUG [Server]   file:/root/jboss-4.2.0.GA/lib/jboss-xml-binding.jar
15:57:37,960 INFO  [Server] Home Dir: /root/jboss-4.2.0.GA
15:57:37,960 INFO  [Server] Home URL: file:/root/jboss-4.2.0.GA/
15:57:37,961 DEBUG [Server] Library URL: file:/root/jboss-4.2.0.GA/lib/
15:57:37,961 INFO  [Server] Patch URL: null
15:57:37,962 INFO  [Server] Server Name: default
15:57:37,962 INFO  [Server] Server Home Dir: /root/jboss-4.2.0.GA/server/default
15:57:37,962 INFO  [Server] Server Home URL: file:/root/jboss-4.2.0.GA/server/default/
15:57:37,962 INFO  [Server] Server Log Dir: /root/jboss-4.2.0.GA/server/default/log
15:57:37,962 DEBUG [Server] Server Data Dir: /root/jboss-4.2.0.GA/server/default/data
15:57:37,962 INFO  [Server] Server Temp Dir: /root/jboss-4.2.0.GA/server/default/tmp
15:57:37,963 DEBUG [Server] Server Config URL: file:/root/jboss-4.2.0.GA/server/default/conf/
15:57:37,963 DEBUG [Server] Server Library URL: file:/root/jboss-4.2.0.GA/server/default/lib/
15:57:37,963 INFO  [Server] Root Deployment Filename: jboss-service.xml
15:57:37,966 DEBUG [Server] Starting General Purpose Architecture (GPA)...
15:57:38,100 DEBUG [Server] Created MBeanServer: org.jboss.mx.server.MBeanServerImpl@109fd93[ defaultDomain='jboss' ]
15:57:38,122 DEBUG [Server] Boot url list: [file:/root/jboss-4.2.0.GA/server/default/conf/]
15:57:38,122 DEBUG [Server] Creating loader for URL: file:/root/jboss-4.2.0.GA/server/default/conf/
15:57:38,126 DEBUG [RepositoryClassLoader] setRepository, repository=org.jboss.mx.loading.UnifiedLoaderRepository3@dc6a77, cl=org.jboss.mx.loading.UnifiedClassLoader3@d1e89e{ url=file:/root/jboss-4.2.0.GA/server/default/conf/ ,addedOrder=0}
15:57:38,126 DEBUG [RepositoryClassLoader] setRepository, repository=org.jboss.mx.loading.UnifiedLoaderRepository3@dc6a77, cl=org.jboss.mx.loading.UnifiedClassLoader3@d1e89e{ url=file:/root/jboss-4.2.0.GA/server/default/conf/ ,addedOrder=0}
15:57:38,127 DEBUG [UnifiedLoaderRepository3] Adding org.jboss.mx.loading.UnifiedClassLoader3@d1e89e{ url=file:/root/jboss-4.2.0.GA/server/default/conf/ ,addedOrder=0}
15:57:38,189 DEBUG [Server] Failed to create xmbean for: org.jboss.system.server.ServerInfo
15:57:38,198 INFO  [ServerInfo] Java version: 1.6.0_27,Sun Microsystems Inc.
15:57:38,199 INFO  [ServerInfo] Java VM: OpenJDK Client VM 20.0-b12,Sun Microsystems Inc.
15:57:38,199 INFO  [ServerInfo] OS-System: Linux 3.2.0-4-686-pae,i386
15:57:38,199 DEBUG [ServerInfo] Full System Properties Dump
15:57:38,200 DEBUG [ServerInfo]     java.vendor: Sun Microsystems Inc.
15:57:38,200 DEBUG [ServerInfo]     sun.java.launcher: SUN_STANDARD
15:57:38,200 DEBUG [ServerInfo]     sun.management.compiler: HotSpot Client Compiler
15:57:38,200 DEBUG [ServerInfo]     os.name: Linux
15:57:38,200 DEBUG [ServerInfo]     sun.boot.class.path: /root/jboss-4.2.0.GA/lib/endorsed/xalan.jar:/root/jboss-4.2.0.GA/lib/endorsed/serializer.jar:/root/jboss-4.2.0.GA/lib/endorsed/xercesImpl.jar:/usr/lib/jvm/java-6-openjdk-i386/jre/lib/resources.jar:/usr/lib/jvm/java-6-openjdk-i386/jre/lib/rt.jar:/usr/lib/jvm/java-6-openjdk-i386/jre/lib/sunrsasign.jar:/usr/lib/jvm/java-6-openjdk-i386/jre/lib/jsse.jar:/usr/lib/jvm/java-6-openjdk-i386/jre/lib/jce.jar:/usr/lib/jvm/java-6-openjdk-i386/jre/lib/charsets.jar:/usr/lib/jvm/java-6-openjdk-i386/jre/lib/netx.jar:/usr/lib/jvm/java-6-openjdk-i386/jre/lib/plugin.jar:/usr/lib/jvm/java-6-openjdk-i386/jre/lib/rhino.jar:/usr/lib/jvm/java-6-openjdk-i386/jre/lib/modules/jdk.boot.jar:/usr/lib/jvm/java-6-openjdk-i386/jre/classes
15:57:38,200 DEBUG [ServerInfo]     java.vm.specification.vendor: Sun Microsystems Inc.
15:57:38,200 DEBUG [ServerInfo]     java.runtime.version: 1.6.0_27-b27
15:57:38,200 DEBUG [ServerInfo]     user.name: root
15:57:38,200 DEBUG [ServerInfo]     jboss.bind.address: 127.0.0.1
15:57:38,200 DEBUG [ServerInfo]     jboss.home.dir: /root/jboss-4.2.0.GA
15:57:38,200 DEBUG [ServerInfo]     user.language: en
15:57:38,200 DEBUG [ServerInfo]     sun.boot.library.path: /usr/lib/jvm/java-6-openjdk-i386/jre/lib/i386
15:57:38,200 DEBUG [ServerInfo]     jboss.home.url: file:/root/jboss-4.2.0.GA/
15:57:38,200 DEBUG [ServerInfo]     java.version: 1.6.0_27
15:57:38,200 DEBUG [ServerInfo]     user.timezone: Etc/UTC
15:57:38,200 DEBUG [ServerInfo]     java.net.preferIPv4Stack: true
15:57:38,200 DEBUG [ServerInfo]     jboss.server.home.dir: /root/jboss-4.2.0.GA/server/default
15:57:38,200 DEBUG [ServerInfo]     sun.arch.data.model: 32
15:57:38,200 DEBUG [ServerInfo]     java.endorsed.dirs: /root/jboss-4.2.0.GA/lib/endorsed
15:57:38,200 DEBUG [ServerInfo]     jboss.server.home.url: file:/root/jboss-4.2.0.GA/server/default/
15:57:38,200 DEBUG [ServerInfo]     sun.cpu.isalist: 
15:57:38,200 DEBUG [ServerInfo]     sun.jnu.encoding: ANSI_X3.4-1968
15:57:38,200 DEBUG [ServerInfo]     file.encoding.pkg: sun.io
15:57:38,200 DEBUG [ServerInfo]     file.separator: /
15:57:38,200 DEBUG [ServerInfo]     java.specification.name: Java Platform API Specification
15:57:38,200 DEBUG [ServerInfo]     java.class.version: 50.0
15:57:38,200 DEBUG [ServerInfo]     jboss.server.config.url: file:/root/jboss-4.2.0.GA/server/default/conf/
15:57:38,200 DEBUG [ServerInfo]     user.country: US
15:57:38,200 DEBUG [ServerInfo]     java.home: /usr/lib/jvm/java-6-openjdk-i386/jre
15:57:38,200 DEBUG [ServerInfo]     java.vm.info: mixed mode
15:57:38,200 DEBUG [ServerInfo]     jboss.lib.url: file:/root/jboss-4.2.0.GA/lib/
15:57:38,200 DEBUG [ServerInfo]     os.version: 3.2.0-4-686-pae
15:57:38,200 DEBUG [ServerInfo]     path.separator: :
15:57:38,201 DEBUG [ServerInfo]     java.vm.version: 20.0-b12
15:57:38,201 DEBUG [ServerInfo]     java.protocol.handler.pkgs: org.jboss.net.protocol
15:57:38,201 DEBUG [ServerInfo]     java.awt.printerjob: sun.print.PSPrinterJob
15:57:38,201 DEBUG [ServerInfo]     sun.io.unicode.encoding: UnicodeLittle
15:57:38,201 DEBUG [ServerInfo]     jboss.server.temp.dir: /root/jboss-4.2.0.GA/server/default/tmp
15:57:38,201 DEBUG [ServerInfo]     sun.rmi.dgc.client.gcInterval: 3600000
15:57:38,201 DEBUG [ServerInfo]     user.home: /root
15:57:38,201 DEBUG [ServerInfo]     java.specification.vendor: Sun Microsystems Inc.
15:57:38,201 DEBUG [ServerInfo]     java.library.path: /usr/lib/jvm/java-6-openjdk-i386/jre/lib/i386/client:/usr/lib/jvm/java-6-openjdk-i386/jre/lib/i386:/usr/lib/jvm/java-6-openjdk-i386/jre/../lib/i386:/usr/java/packages/lib/i386:/usr/lib/i386-linux-gnu/jni:/lib/i386-linux-gnu:/usr/lib/i386-linux-gnu:/usr/lib/jni:/lib:/usr/lib
15:57:38,201 DEBUG [ServerInfo]     java.vendor.url: http://java.sun.com/
15:57:38,201 DEBUG [ServerInfo]     program.name: run.sh
15:57:38,201 DEBUG [ServerInfo]     java.vm.vendor: Sun Microsystems Inc.
15:57:38,201 DEBUG [ServerInfo]     sun.rmi.dgc.server.gcInterval: 3600000
15:57:38,201 DEBUG [ServerInfo]     java.runtime.name: OpenJDK Runtime Environment
15:57:38,201 DEBUG [ServerInfo]     sun.java.command: org.jboss.Main
15:57:38,201 DEBUG [ServerInfo]     java.class.path: /root/jboss-4.2.0.GA/bin/run.jar
15:57:38,201 DEBUG [ServerInfo]     jboss.server.log.dir: /root/jboss-4.2.0.GA/server/default/log
15:57:38,201 DEBUG [ServerInfo]     jbossmx.loader.repository.class: org.jboss.mx.loading.UnifiedLoaderRepository3
15:57:38,201 DEBUG [ServerInfo]     java.vm.specification.name: Java Virtual Machine Specification
15:57:38,201 DEBUG [ServerInfo]     java.vm.specification.version: 1.0
15:57:38,201 DEBUG [ServerInfo]     sun.cpu.endian: little
15:57:38,201 DEBUG [ServerInfo]     sun.os.patch.level: unknown
15:57:38,201 DEBUG [ServerInfo]     jboss.server.lib.url: file:/root/jboss-4.2.0.GA/server/default/lib/
15:57:38,201 DEBUG [ServerInfo]     java.io.tmpdir: /tmp
15:57:38,201 DEBUG [ServerInfo]     java.vendor.url.bug: http://java.sun.com/cgi-bin/bugreport.cgi
15:57:38,201 DEBUG [ServerInfo]     jboss.server.data.dir: /root/jboss-4.2.0.GA/server/default/data
15:57:38,201 DEBUG [ServerInfo]     java.rmi.server.hostname: 127.0.0.1
15:57:38,201 DEBUG [ServerInfo]     os.arch: i386
15:57:38,201 DEBUG [ServerInfo]     java.awt.graphicsenv: sun.awt.X11GraphicsEnvironment
15:57:38,202 DEBUG [ServerInfo]     java.ext.dirs: /usr/lib/jvm/java-6-openjdk-i386/jre/lib/ext:/usr/java/packages/lib/ext
15:57:38,202 DEBUG [ServerInfo]     user.dir: /root/jboss-4.2.0.GA/bin
15:57:38,202 DEBUG [ServerInfo]     line.separator: 

15:57:38,202 DEBUG [ServerInfo]     java.vm.name: OpenJDK Client VM
15:57:38,202 DEBUG [ServerInfo]     jboss.server.base.dir: /root/jboss-4.2.0.GA/server
15:57:38,202 DEBUG [ServerInfo]     jboss.server.base.url: file:/root/jboss-4.2.0.GA/server/
15:57:38,202 DEBUG [ServerInfo]     javax.management.builder.initial: org.jboss.mx.server.MBeanServerBuilderImpl
15:57:38,202 DEBUG [ServerInfo]     file.encoding: ANSI_X3.4-1968
15:57:38,202 DEBUG [ServerInfo]     java.specification.version: 1.6
15:57:38,202 DEBUG [ServerInfo]     jboss.server.name: default
15:57:38,212 DEBUG [Server] Created system MBean: jboss.system:type=ServerInfo
15:57:38,217 DEBUG [Server] Failed to create xmbean for: org.jboss.system.ServiceController
15:57:38,233 DEBUG [ServiceController] Controller MBean online
15:57:38,233 DEBUG [Server] Created system MBean: jboss.system:service=ServiceController
15:57:38,326 DEBUG [Server] Created system XMBean: jboss.system:service=MainDeployer
15:57:38,326 DEBUG [ServiceController] Creating service jboss.system:service=MainDeployer
15:57:38,341 DEBUG [MainDeployer] Creating jboss.system:service=MainDeployer
15:57:38,363 DEBUG [Files] Failed to delete dir: /root/jboss-4.2.0.GA/server/default/tmp/deploy
15:57:38,364 DEBUG [MainDeployer] Created jboss.system:service=MainDeployer
15:57:38,364 DEBUG [ServiceController] Creating dependent components for: jboss.system:service=MainDeployer dependents are: []
15:57:38,364 DEBUG [ServiceController] starting service jboss.system:service=MainDeployer
15:57:38,364 DEBUG [MainDeployer] Starting jboss.system:service=MainDeployer
15:57:38,364 DEBUG [MainDeployer] Started jboss.system:service=MainDeployer
15:57:38,364 DEBUG [ServiceController] Starting dependent components for: jboss.system:service=MainDeployer dependent components: []
15:57:38,365 DEBUG [Server] Shutdown hook added
15:57:38,426 DEBUG [Server] Created system XMBean: jboss.system:service=JARDeployer
15:57:38,426 DEBUG [ServiceController] Creating service jboss.system:service=JARDeployer
15:57:38,427 DEBUG [JARDeployer] Creating jboss.system:service=JARDeployer
15:57:38,440 DEBUG [JARDeployer] Created jboss.system:service=JARDeployer
15:57:38,440 DEBUG [ServiceController] Creating dependent components for: jboss.system:service=JARDeployer dependents are: []
15:57:38,440 DEBUG [ServiceController] starting service jboss.system:service=JARDeployer
15:57:38,441 DEBUG [JARDeployer] Starting jboss.system:service=JARDeployer
15:57:38,441 DEBUG [MainDeployer] Adding deployer: org.jboss.deployment.JARDeployer@1977b9b
15:57:38,441 DEBUG [SuffixOrderHelper] Static suffix exists; ignoring request for adding enhanced suffix: 700:.jar
15:57:38,441 DEBUG [JARDeployer] Started jboss.system:service=JARDeployer
15:57:38,441 DEBUG [ServiceController] Starting dependent components for: jboss.system:service=JARDeployer dependent components: []
15:57:38,462 DEBUG [Server] Created system XMBean: jboss.system:service=ServiceDeployer
15:57:38,462 DEBUG [ServiceController] Creating service jboss.system:service=ServiceDeployer
15:57:38,463 DEBUG [SARDeployer] Creating jboss.system:service=ServiceDeployer
15:57:38,470 DEBUG [SARDeployer] Created jboss.system:service=ServiceDeployer
15:57:38,470 DEBUG [ServiceController] Creating dependent components for: jboss.system:service=ServiceDeployer dependents are: []
15:57:38,470 DEBUG [ServiceController] starting service jboss.system:service=ServiceDeployer
15:57:38,470 DEBUG [SARDeployer] Starting jboss.system:service=ServiceDeployer
15:57:38,470 DEBUG [MainDeployer] Adding deployer: org.jboss.deployment.SARDeployer@90c06f
15:57:38,475 DEBUG [SARDeployer] Started jboss.system:service=ServiceDeployer
15:57:38,475 DEBUG [ServiceController] Starting dependent components for: jboss.system:service=ServiceDeployer dependent components: []
15:57:38,475 INFO  [Server] Core system initialized
15:57:38,485 DEBUG [MainDeployer] Starting deployment of package: file:/root/jboss-4.2.0.GA/server/default/conf/jboss-service.xml
15:57:38,485 DEBUG [MainDeployer] Starting deployment (init step) of package at: file:/root/jboss-4.2.0.GA/server/default/conf/jboss-service.xml
15:57:38,496 DEBUG [MainDeployer] Copying file:/root/jboss-4.2.0.GA/server/default/conf/jboss-service.xml -> /root/jboss-4.2.0.GA/server/default/tmp/deploy/tmp1781259449649915871jboss-service.xml
15:57:38,500 DEBUG [MainDeployer] using deployer org.jboss.deployment.SARDeployer@90c06f
15:57:38,528 DEBUG [SARDeployer] Found classpath element: [classpath: null]
15:57:38,530 DEBUG [SARDeployer] codebase URL is file:/root/jboss-4.2.0.GA/server/default/lib/
15:57:38,530 DEBUG [SARDeployer] listing codebase for archives matching *
15:57:38,532 DEBUG [SARDeployer] URLLister class is org.jboss.net.protocol.file.FileURLLister
15:57:38,537 DEBUG [SARDeployer] deployed classes for file:/root/jboss-4.2.0.GA/server/default/lib/scheduler-plugin.jar
15:57:38,537 DEBUG [SARDeployer] deployed classes for file:/root/jboss-4.2.0.GA/server/default/lib/jboss.jar
15:57:38,537 DEBUG [SARDeployer] deployed classes for file:/root/jboss-4.2.0.GA/server/default/lib/hibernate3.jar
15:57:38,537 DEBUG [SARDeployer] deployed classes for file:/root/jboss-4.2.0.GA/server/default/lib/jboss-management.jar
15:57:38,537 DEBUG [SARDeployer] deployed classes for file:/root/jboss-4.2.0.GA/server/default/lib/jmx-adaptor-plugin.jar
15:57:38,537 DEBUG [SARDeployer] deployed classes for file:/root/jboss-4.2.0.GA/server/default/lib/jboss-remoting.jar
15:57:38,537 DEBUG [SARDeployer] deployed classes for file:/root/jboss-4.2.0.GA/server/default/lib/jboss-vfs.jar
15:57:38,537 DEBUG [SARDeployer] deployed classes for file:/root/jboss-4.2.0.GA/server/default/lib/jpl-util.jar
15:57:38,537 DEBUG [SARDeployer] deployed classes for file:/root/jboss-4.2.0.GA/server/default/lib/commons-logging.jar
15:57:38,537 DEBUG [SARDeployer] deployed classes for file:/root/jboss-4.2.0.GA/server/default/lib/jboss-common-jdbc-wrapper.jar
15:57:38,537 DEBUG [SARDeployer] deployed classes for file:/root/jboss-4.2.0.GA/server/default/lib/log4j-snmp-appender.jar
15:57:38,537 DEBUG [SARDeployer] deployed classes for file:/root/jboss-4.2.0.GA/server/default/lib/commons-collections.jar
15:57:38,537 DEBUG [SARDeployer] deployed classes for file:/root/jboss-4.2.0.GA/server/default/lib/joesnmp.jar
15:57:38,537 DEBUG [SARDeployer] deployed classes for file:/root/jboss-4.2.0.GA/server/default/lib/jboss-monitoring.jar
15:57:38,537 DEBUG [SARDeployer] deployed classes for file:/root/jboss-4.2.0.GA/server/default/lib/jbossws-integration.jar
15:57:38,537 DEBUG [SARDeployer] deployed classes for file:/root/jboss-4.2.0.GA/server/default/lib/jnpserver.jar
15:57:38,537 DEBUG [SARDeployer] deployed classes for file:/root/jboss-4.2.0.GA/server/default/lib/jboss-cache-jdk50.jar
15:57:38,537 DEBUG [SARDeployer] deployed classes for file:/root/jboss-4.2.0.GA/server/default/lib/jboss-transaction.jar
15:57:38,537 DEBUG [SARDeployer] deployed classes for file:/root/jboss-4.2.0.GA/server/default/lib/jbossts-common.jar
15:57:38,537 DEBUG [SARDeployer] deployed classes for file:/root/jboss-4.2.0.GA/server/default/lib/antlr.jar
15:57:38,537 DEBUG [SARDeployer] deployed classes for file:/root/jboss-4.2.0.GA/server/default/lib/jboss-jsr88.jar
15:57:38,537 DEBUG [SARDeployer] deployed classes for file:/root/jboss-4.2.0.GA/server/default/lib/commons-codec.jar
15:57:38,537 DEBUG [SARDeployer] deployed classes for file:/root/jboss-4.2.0.GA/server/default/lib/jboss-hibernate.jar
15:57:38,538 DEBUG [SARDeployer] deployed classes for file:/root/jboss-4.2.0.GA/server/default/lib/log4j.jar
15:57:38,538 DEBUG [SARDeployer] deployed classes for file:/root/jboss-4.2.0.GA/server/default/lib/servlet-api.jar
15:57:38,538 DEBUG [SARDeployer] deployed classes for file:/root/jboss-4.2.0.GA/server/default/lib/activation.jar
15:57:38,538 DEBUG [SARDeployer] deployed classes for file:/root/jboss-4.2.0.GA/server/default/lib/hibernate-entitymanager.jar
15:57:38,538 DEBUG [SARDeployer] deployed classes for file:/root/jboss-4.2.0.GA/server/default/lib/jpl-pattern.jar
15:57:38,538 DEBUG [SARDeployer] deployed classes for file:/root/jboss-4.2.0.GA/server/default/lib/jbosssx.jar
15:57:38,538 DEBUG [SARDeployer] deployed classes for file:/root/jboss-4.2.0.GA/server/default/lib/hsqldb-plugin.jar
15:57:38,538 DEBUG [SARDeployer] deployed classes for file:/root/jboss-4.2.0.GA/server/default/lib/javassist.jar
15:57:38,538 DEBUG [SARDeployer] deployed classes for file:/root/jboss-4.2.0.GA/server/default/lib/bindingservice-plugin.jar
15:57:38,538 DEBUG [SARDeployer] deployed classes for file:/root/jboss-4.2.0.GA/server/default/lib/hsqldb.jar
15:57:38,538 DEBUG [SARDeployer] deployed classes for file:/root/jboss-4.2.0.GA/server/default/lib/cglib.jar
15:57:38,538 DEBUG [SARDeployer] deployed classes for file:/root/jboss-4.2.0.GA/server/default/lib/jboss-saaj.jar
15:57:38,538 DEBUG [SARDeployer] deployed classes for file:/root/jboss-4.2.0.GA/server/default/lib/bsh-deployer.jar
15:57:38,538 DEBUG [SARDeployer] deployed classes for file:/root/jboss-4.2.0.GA/server/default/lib/jboss-srp.jar
15:57:38,538 DEBUG [SARDeployer] deployed classes for file:/root/jboss-4.2.0.GA/server/default/lib/mail.jar
15:57:38,538 DEBUG [SARDeployer] deployed classes for file:/root/jboss-4.2.0.GA/server/default/lib/jboss-jca.jar
15:57:38,538 DEBUG [SARDeployer] deployed classes for file:/root/jboss-4.2.0.GA/server/default/lib/el-api.jar
15:57:38,538 DEBUG [SARDeployer] deployed classes for file:/root/jboss-4.2.0.GA/server/default/lib/bsh.jar
15:57:38,538 DEBUG [SARDeployer] deployed classes for file:/root/jboss-4.2.0.GA/server/default/lib/mail-plugin.jar
15:57:38,538 DEBUG [SARDeployer] deployed classes for file:/root/jboss-4.2.0.GA/server/default/lib/xmlentitymgr.jar
15:57:38,538 DEBUG [SARDeployer] deployed classes for file:/root/jboss-4.2.0.GA/server/default/lib/commons-httpclient.jar
15:57:38,538 DEBUG [SARDeployer] deployed classes for file:/root/jboss-4.2.0.GA/server/default/lib/properties-plugin.jar
15:57:38,538 DEBUG [SARDeployer] deployed classes for file:/root/jboss-4.2.0.GA/server/default/lib/jboss-serialization.jar
15:57:38,538 DEBUG [SARDeployer] deployed classes for file:/root/jboss-4.2.0.GA/server/default/lib/jboss-jsr77.jar
15:57:38,538 DEBUG [SARDeployer] deployed classes for file:/root/jboss-4.2.0.GA/server/default/lib/scheduler-plugin-example.jar
15:57:38,538 DEBUG [SARDeployer] deployed classes for file:/root/jboss-4.2.0.GA/server/default/lib/jboss-jaxrpc.jar
15:57:38,538 DEBUG [SARDeployer] deployed classes for file:/root/jboss-4.2.0.GA/server/default/lib/jbossjta.jar
15:57:38,538 DEBUG [SARDeployer] deployed classes for file:/root/jboss-4.2.0.GA/server/default/lib/jboss-ejb3x.jar
15:57:38,538 DEBUG [SARDeployer] deployed classes for file:/root/jboss-4.2.0.GA/server/default/lib/jbossjta-integration.jar
15:57:38,538 DEBUG [SARDeployer] deployed classes for file:/root/jboss-4.2.0.GA/server/default/lib/ejb3-persistence.jar
15:57:38,538 DEBUG [SARDeployer] deployed classes for file:/root/jboss-4.2.0.GA/server/default/lib/autonumber-plugin.jar
15:57:38,538 DEBUG [SARDeployer] deployed classes for file:/root/jboss-4.2.0.GA/server/default/lib/bsf.jar
15:57:38,538 DEBUG [SARDeployer] deployed classes for file:/root/jboss-4.2.0.GA/server/default/lib/dom4j.jar
15:57:38,538 DEBUG [SARDeployer] deployed classes for file:/root/jboss-4.2.0.GA/server/default/lib/jboss-j2ee.jar
15:57:38,539 DEBUG [SARDeployer] deployed classes for file:/root/jboss-4.2.0.GA/server/default/lib/jboss-remoting-int.jar
15:57:38,539 DEBUG [SARDeployer] deployed classes for file:/root/jboss-4.2.0.GA/server/default/lib/jbossmq.jar
15:57:38,539 DEBUG [SARDeployer] deployed classes for file:/root/jboss-4.2.0.GA/server/default/lib/hibernate-annotations.jar
15:57:38,539 DEBUG [SARDeployer] deployed classes for file:/root/jboss-4.2.0.GA/server/default/lib/jaxen.jar
15:57:38,539 DEBUG [SARDeployer] deployed classes for file:/root/jboss-4.2.0.GA/server/default/lib/bcel.jar
15:57:38,539 DEBUG [SARDeployer] deployed classes for file:/root/jboss-4.2.0.GA/server/default/lib/quartz.jar
15:57:38,539 DEBUG [SARDeployer] deployed classes for file:/root/jboss-4.2.0.GA/server/default/lib/jsp-api.jar
15:57:38,539 DEBUG [SARDeployer] about to copy 0 local directories
15:57:38,540 DEBUG [SARDeployer] looking for nested deployments in : file:/root/jboss-4.2.0.GA/server/default/conf/jboss-service.xml
15:57:38,542 DEBUG [DeploymentInfo] createLoaderRepository from config: LoaderRepositoryConfig(repositoryName: JMImplementation:service=LoaderRepository,name=Default, repositoryClassName: null, configParserClassName: null, repositoryConfig: null)
15:57:38,542 DEBUG [RepositoryClassLoader] setRepository, repository=org.jboss.mx.loading.UnifiedLoaderRepository3@dc6a77, cl=org.jboss.mx.loading.UnifiedClassLoader3@14b5f4a{ url=null ,addedOrder=0}
15:57:38,542 DEBUG [RepositoryClassLoader] setRepository, repository=org.jboss.mx.loading.UnifiedLoaderRepository3@dc6a77, cl=org.jboss.mx.loading.UnifiedClassLoader3@14b5f4a{ url=null ,addedOrder=0}
15:57:38,542 DEBUG [UnifiedLoaderRepository3] Adding org.jboss.mx.loading.UnifiedClassLoader3@14b5f4a{ url=null ,addedOrder=0}
15:57:38,548 DEBUG [RepositoryClassLoader] Added url: file:/root/jboss-4.2.0.GA/server/default/lib/scheduler-plugin.jar, to ucl: org.jboss.mx.loading.UnifiedClassLoader3@14b5f4a{ url=null ,addedOrder=2}
15:57:38,663 DEBUG [ClassLoaderUtils] Multiple class loaders found for pkg: 
15:57:38,663 DEBUG [RepositoryClassLoader] Added url: file:/root/jboss-4.2.0.GA/server/default/lib/jboss.jar, to ucl: org.jboss.mx.loading.UnifiedClassLoader3@14b5f4a{ url=null ,addedOrder=2}
15:57:38,773 DEBUG [RepositoryClassLoader] Added url: file:/root/jboss-4.2.0.GA/server/default/lib/hibernate3.jar, to ucl: org.jboss.mx.loading.UnifiedClassLoader3@14b5f4a{ url=null ,addedOrder=2}
15:57:38,781 DEBUG [RepositoryClassLoader] Added url: file:/root/jboss-4.2.0.GA/server/default/lib/jboss-management.jar, to ucl: org.jboss.mx.loading.UnifiedClassLoader3@14b5f4a{ url=null ,addedOrder=2}
15:57:38,783 DEBUG [RepositoryClassLoader] Added url: file:/root/jboss-4.2.0.GA/server/default/lib/jmx-adaptor-plugin.jar, to ucl: org.jboss.mx.loading.UnifiedClassLoader3@14b5f4a{ url=null ,addedOrder=2}
15:57:38,821 DEBUG [RepositoryClassLoader] Added url: file:/root/jboss-4.2.0.GA/server/default/lib/jboss-remoting.jar, to ucl: org.jboss.mx.loading.UnifiedClassLoader3@14b5f4a{ url=null ,addedOrder=2}
15:57:38,827 DEBUG [RepositoryClassLoader] Added url: file:/root/jboss-4.2.0.GA/server/default/lib/jboss-vfs.jar, to ucl: org.jboss.mx.loading.UnifiedClassLoader3@14b5f4a{ url=null ,addedOrder=2}
15:57:38,828 DEBUG [RepositoryClassLoader] Added url: file:/root/jboss-4.2.0.GA/server/default/lib/jpl-util.jar, to ucl: org.jboss.mx.loading.UnifiedClassLoader3@14b5f4a{ url=null ,addedOrder=2}
15:57:38,831 DEBUG [RepositoryClassLoader] Added url: file:/root/jboss-4.2.0.GA/server/default/lib/commons-logging.jar, to ucl: org.jboss.mx.loading.UnifiedClassLoader3@14b5f4a{ url=null ,addedOrder=2}
15:57:38,836 DEBUG [RepositoryClassLoader] Added url: file:/root/jboss-4.2.0.GA/server/default/lib/jboss-common-jdbc-wrapper.jar, to ucl: org.jboss.mx.loading.UnifiedClassLoader3@14b5f4a{ url=null ,addedOrder=2}
15:57:38,837 DEBUG [RepositoryClassLoader] Added url: file:/root/jboss-4.2.0.GA/server/default/lib/log4j-snmp-appender.jar, to ucl: org.jboss.mx.loading.UnifiedClassLoader3@14b5f4a{ url=null ,addedOrder=2}
15:57:38,861 DEBUG [RepositoryClassLoader] Added url: file:/root/jboss-4.2.0.GA/server/default/lib/commons-collections.jar, to ucl: org.jboss.mx.loading.UnifiedClassLoader3@14b5f4a{ url=null ,addedOrder=2}
15:57:38,865 DEBUG [RepositoryClassLoader] Added url: file:/root/jboss-4.2.0.GA/server/default/lib/joesnmp.jar, to ucl: org.jboss.mx.loading.UnifiedClassLoader3@14b5f4a{ url=null ,addedOrder=2}
15:57:38,867 DEBUG [RepositoryClassLoader] Added url: file:/root/jboss-4.2.0.GA/server/default/lib/jboss-monitoring.jar, to ucl: org.jboss.mx.loading.UnifiedClassLoader3@14b5f4a{ url=null ,addedOrder=2}
15:57:38,868 DEBUG [RepositoryClassLoader] Added url: file:/root/jboss-4.2.0.GA/server/default/lib/jbossws-integration.jar, to ucl: org.jboss.mx.loading.UnifiedClassLoader3@14b5f4a{ url=null ,addedOrder=2}
15:57:38,871 DEBUG [RepositoryClassLoader] Added url: file:/root/jboss-4.2.0.GA/server/default/lib/jnpserver.jar, to ucl: org.jboss.mx.loading.UnifiedClassLoader3@14b5f4a{ url=null ,addedOrder=2}
15:57:38,902 DEBUG [RepositoryClassLoader] Added url: file:/root/jboss-4.2.0.GA/server/default/lib/jboss-cache-jdk50.jar, to ucl: org.jboss.mx.loading.UnifiedClassLoader3@14b5f4a{ url=null ,addedOrder=2}
15:57:38,904 DEBUG [RepositoryClassLoader] Added url: file:/root/jboss-4.2.0.GA/server/default/lib/jboss-transaction.jar, to ucl: org.jboss.mx.loading.UnifiedClassLoader3@14b5f4a{ url=null ,addedOrder=2}
15:57:38,908 DEBUG [RepositoryClassLoader] Added url: file:/root/jboss-4.2.0.GA/server/default/lib/jbossts-common.jar, to ucl: org.jboss.mx.loading.UnifiedClassLoader3@14b5f4a{ url=null ,addedOrder=2}
15:57:38,925 DEBUG [RepositoryClassLoader] Added url: file:/root/jboss-4.2.0.GA/server/default/lib/antlr.jar, to ucl: org.jboss.mx.loading.UnifiedClassLoader3@14b5f4a{ url=null ,addedOrder=2}
15:57:38,928 DEBUG [RepositoryClassLoader] Added url: file:/root/jboss-4.2.0.GA/server/default/lib/jboss-jsr88.jar, to ucl: org.jboss.mx.loading.UnifiedClassLoader3@14b5f4a{ url=null ,addedOrder=2}
15:57:38,931 DEBUG [RepositoryClassLoader] Added url: file:/root/jboss-4.2.0.GA/server/default/lib/commons-codec.jar, to ucl: org.jboss.mx.loading.UnifiedClassLoader3@14b5f4a{ url=null ,addedOrder=2}
15:57:38,932 DEBUG [RepositoryClassLoader] Added url: file:/root/jboss-4.2.0.GA/server/default/lib/jboss-hibernate.jar, to ucl: org.jboss.mx.loading.UnifiedClassLoader3@14b5f4a{ url=null ,addedOrder=2}
15:57:38,949 DEBUG [RepositoryClassLoader] Added url: file:/root/jboss-4.2.0.GA/server/default/lib/log4j.jar, to ucl: org.jboss.mx.loading.UnifiedClassLoader3@14b5f4a{ url=null ,addedOrder=2}
15:57:38,954 DEBUG [RepositoryClassLoader] Added url: file:/root/jboss-4.2.0.GA/server/default/lib/servlet-api.jar, to ucl: org.jboss.mx.loading.UnifiedClassLoader3@14b5f4a{ url=null ,addedOrder=2}
15:57:38,957 DEBUG [RepositoryClassLoader] Added url: file:/root/jboss-4.2.0.GA/server/default/lib/activation.jar, to ucl: org.jboss.mx.loading.UnifiedClassLoader3@14b5f4a{ url=null ,addedOrder=2}
15:57:38,962 DEBUG [RepositoryClassLoader] Added url: file:/root/jboss-4.2.0.GA/server/default/lib/hibernate-entitymanager.jar, to ucl: org.jboss.mx.loading.UnifiedClassLoader3@14b5f4a{ url=null ,addedOrder=2}
15:57:38,963 DEBUG [RepositoryClassLoader] Added url: file:/root/jboss-4.2.0.GA/server/default/lib/jpl-pattern.jar, to ucl: org.jboss.mx.loading.UnifiedClassLoader3@14b5f4a{ url=null ,addedOrder=2}
15:57:38,979 DEBUG [RepositoryClassLoader] Added url: file:/root/jboss-4.2.0.GA/server/default/lib/jbosssx.jar, to ucl: org.jboss.mx.loading.UnifiedClassLoader3@14b5f4a{ url=null ,addedOrder=2}
15:57:38,979 DEBUG [RepositoryClassLoader] Added url: file:/root/jboss-4.2.0.GA/server/default/lib/hsqldb-plugin.jar, to ucl: org.jboss.mx.loading.UnifiedClassLoader3@14b5f4a{ url=null ,addedOrder=2}
15:57:39,005 DEBUG [RepositoryClassLoader] Added url: file:/root/jboss-4.2.0.GA/server/default/lib/javassist.jar, to ucl: org.jboss.mx.loading.UnifiedClassLoader3@14b5f4a{ url=null ,addedOrder=2}
15:57:39,006 DEBUG [RepositoryClassLoader] Added url: file:/root/jboss-4.2.0.GA/server/default/lib/bindingservice-plugin.jar, to ucl: org.jboss.mx.loading.UnifiedClassLoader3@14b5f4a{ url=null ,addedOrder=2}
15:57:39,037 DEBUG [RepositoryClassLoader] Added url: file:/root/jboss-4.2.0.GA/server/default/lib/hsqldb.jar, to ucl: org.jboss.mx.loading.UnifiedClassLoader3@14b5f4a{ url=null ,addedOrder=2}
15:57:39,053 DEBUG [RepositoryClassLoader] Added url: file:/root/jboss-4.2.0.GA/server/default/lib/cglib.jar, to ucl: org.jboss.mx.loading.UnifiedClassLoader3@14b5f4a{ url=null ,addedOrder=2}
15:57:39,055 DEBUG [RepositoryClassLoader] Added url: file:/root/jboss-4.2.0.GA/server/default/lib/jboss-saaj.jar, to ucl: org.jboss.mx.loading.UnifiedClassLoader3@14b5f4a{ url=null ,addedOrder=2}
15:57:39,056 DEBUG [RepositoryClassLoader] Added url: file:/root/jboss-4.2.0.GA/server/default/lib/bsh-deployer.jar, to ucl: org.jboss.mx.loading.UnifiedClassLoader3@14b5f4a{ url=null ,addedOrder=2}
15:57:39,059 DEBUG [RepositoryClassLoader] Added url: file:/root/jboss-4.2.0.GA/server/default/lib/jboss-srp.jar, to ucl: org.jboss.mx.loading.UnifiedClassLoader3@14b5f4a{ url=null ,addedOrder=2}
15:57:39,077 DEBUG [RepositoryClassLoader] Added url: file:/root/jboss-4.2.0.GA/server/default/lib/mail.jar, to ucl: org.jboss.mx.loading.UnifiedClassLoader3@14b5f4a{ url=null ,addedOrder=2}
15:57:39,087 DEBUG [RepositoryClassLoader] Added url: file:/root/jboss-4.2.0.GA/server/default/lib/jboss-jca.jar, to ucl: org.jboss.mx.loading.UnifiedClassLoader3@14b5f4a{ url=null ,addedOrder=2}
15:57:39,089 DEBUG [RepositoryClassLoader] Added url: file:/root/jboss-4.2.0.GA/server/default/lib/el-api.jar, to ucl: org.jboss.mx.loading.UnifiedClassLoader3@14b5f4a{ url=null ,addedOrder=2}
15:57:39,100 DEBUG [RepositoryClassLoader] Added url: file:/root/jboss-4.2.0.GA/server/default/lib/bsh.jar, to ucl: org.jboss.mx.loading.UnifiedClassLoader3@14b5f4a{ url=null ,addedOrder=2}
15:57:39,100 DEBUG [RepositoryClassLoader] Added url: file:/root/jboss-4.2.0.GA/server/default/lib/mail-plugin.jar, to ucl: org.jboss.mx.loading.UnifiedClassLoader3@14b5f4a{ url=null ,addedOrder=2}
15:57:39,101 DEBUG [RepositoryClassLoader] Added url: file:/root/jboss-4.2.0.GA/server/default/lib/xmlentitymgr.jar, to ucl: org.jboss.mx.loading.UnifiedClassLoader3@14b5f4a{ url=null ,addedOrder=2}
15:57:39,111 DEBUG [RepositoryClassLoader] Added url: file:/root/jboss-4.2.0.GA/server/default/lib/commons-httpclient.jar, to ucl: org.jboss.mx.loading.UnifiedClassLoader3@14b5f4a{ url=null ,addedOrder=2}
15:57:39,112 DEBUG [RepositoryClassLoader] Added url: file:/root/jboss-4.2.0.GA/server/default/lib/properties-plugin.jar, to ucl: org.jboss.mx.loading.UnifiedClassLoader3@14b5f4a{ url=null ,addedOrder=2}
15:57:39,118 DEBUG [RepositoryClassLoader] Added url: file:/root/jboss-4.2.0.GA/server/default/lib/jboss-serialization.jar, to ucl: org.jboss.mx.loading.UnifiedClassLoader3@14b5f4a{ url=null ,addedOrder=2}
15:57:39,119 DEBUG [RepositoryClassLoader] Added url: file:/root/jboss-4.2.0.GA/server/default/lib/jboss-jsr77.jar, to ucl: org.jboss.mx.loading.UnifiedClassLoader3@14b5f4a{ url=null ,addedOrder=2}
15:57:39,120 DEBUG [RepositoryClassLoader] Added url: file:/root/jboss-4.2.0.GA/server/default/lib/scheduler-plugin-example.jar, to ucl: org.jboss.mx.loading.UnifiedClassLoader3@14b5f4a{ url=null ,addedOrder=2}
15:57:39,123 DEBUG [RepositoryClassLoader] Added url: file:/root/jboss-4.2.0.GA/server/default/lib/jboss-jaxrpc.jar, to ucl: org.jboss.mx.loading.UnifiedClassLoader3@14b5f4a{ url=null ,addedOrder=2}
15:57:39,148 DEBUG [RepositoryClassLoader] Added url: file:/root/jboss-4.2.0.GA/server/default/lib/jbossjta.jar, to ucl: org.jboss.mx.loading.UnifiedClassLoader3@14b5f4a{ url=null ,addedOrder=2}
15:57:39,149 DEBUG [RepositoryClassLoader] Added url: file:/root/jboss-4.2.0.GA/server/default/lib/jboss-ejb3x.jar, to ucl: org.jboss.mx.loading.UnifiedClassLoader3@14b5f4a{ url=null ,addedOrder=2}
15:57:39,152 DEBUG [RepositoryClassLoader] Added url: file:/root/jboss-4.2.0.GA/server/default/lib/jbossjta-integration.jar, to ucl: org.jboss.mx.loading.UnifiedClassLoader3@14b5f4a{ url=null ,addedOrder=2}
15:57:39,154 DEBUG [RepositoryClassLoader] Added url: file:/root/jboss-4.2.0.GA/server/default/lib/ejb3-persistence.jar, to ucl: org.jboss.mx.loading.UnifiedClassLoader3@14b5f4a{ url=null ,addedOrder=2}
15:57:39,155 DEBUG [RepositoryClassLoader] Added url: file:/root/jboss-4.2.0.GA/server/default/lib/autonumber-plugin.jar, to ucl: org.jboss.mx.loading.UnifiedClassLoader3@14b5f4a{ url=null ,addedOrder=2}
15:57:39,162 DEBUG [RepositoryClassLoader] Added url: file:/root/jboss-4.2.0.GA/server/default/lib/bsf.jar, to ucl: org.jboss.mx.loading.UnifiedClassLoader3@14b5f4a{ url=null ,addedOrder=2}
15:57:39,176 DEBUG [RepositoryClassLoader] Added url: file:/root/jboss-4.2.0.GA/server/default/lib/dom4j.jar, to ucl: org.jboss.mx.loading.UnifiedClassLoader3@14b5f4a{ url=null ,addedOrder=2}
15:57:39,195 DEBUG [RepositoryClassLoader] Added url: file:/root/jboss-4.2.0.GA/server/default/lib/jboss-j2ee.jar, to ucl: org.jboss.mx.loading.UnifiedClassLoader3@14b5f4a{ url=null ,addedOrder=2}
15:57:39,196 DEBUG [RepositoryClassLoader] Added url: file:/root/jboss-4.2.0.GA/server/default/lib/jboss-remoting-int.jar, to ucl: org.jboss.mx.loading.UnifiedClassLoader3@14b5f4a{ url=null ,addedOrder=2}
15:57:39,218 DEBUG [RepositoryClassLoader] Added url: file:/root/jboss-4.2.0.GA/server/default/lib/jbossmq.jar, to ucl: org.jboss.mx.loading.UnifiedClassLoader3@14b5f4a{ url=null ,addedOrder=2}
15:57:39,237 DEBUG [RepositoryClassLoader] Added url: file:/root/jboss-4.2.0.GA/server/default/lib/hibernate-annotations.jar, to ucl: org.jboss.mx.loading.UnifiedClassLoader3@14b5f4a{ url=null ,addedOrder=2}
15:57:39,248 DEBUG [RepositoryClassLoader] Added url: file:/root/jboss-4.2.0.GA/server/default/lib/jaxen.jar, to ucl: org.jboss.mx.loading.UnifiedClassLoader3@14b5f4a{ url=null ,addedOrder=2}
15:57:39,271 DEBUG [RepositoryClassLoader] Added url: file:/root/jboss-4.2.0.GA/server/default/lib/bcel.jar, to ucl: org.jboss.mx.loading.UnifiedClassLoader3@14b5f4a{ url=null ,addedOrder=2}
15:57:39,289 DEBUG [RepositoryClassLoader] Added url: file:/root/jboss-4.2.0.GA/server/default/lib/quartz.jar, to ucl: org.jboss.mx.loading.UnifiedClassLoader3@14b5f4a{ url=null ,addedOrder=2}
15:57:39,293 DEBUG [RepositoryClassLoader] Added url: file:/root/jboss-4.2.0.GA/server/default/lib/jsp-api.jar, to ucl: org.jboss.mx.loading.UnifiedClassLoader3@14b5f4a{ url=null ,addedOrder=2}
15:57:39,293 DEBUG [MainDeployer] found 0 subpackages of file:/root/jboss-4.2.0.GA/server/default/conf/jboss-service.xml
15:57:39,294 DEBUG [MainDeployer] Watching new file: file:/root/jboss-4.2.0.GA/server/default/conf/jboss-service.xml
15:57:39,294 DEBUG [MainDeployer] create step for deployment file:/root/jboss-4.2.0.GA/server/default/conf/jboss-service.xml
15:57:39,294 DEBUG [SARDeployer] Deploying SAR, create step: url file:/root/jboss-4.2.0.GA/server/default/conf/jboss-service.xml
15:57:39,294 DEBUG [SARDeployer] Registering service UCL=jmx.loading:UCL=14b5f4a
15:57:39,297 DEBUG [ServiceCreator] About to create bean: jboss.management.local:j2eeType=J2EEDomain,name=Manager with code: org.jboss.management.j2ee.LocalJBossServerDomain
15:57:39,347 DEBUG [ServiceCreator] Created bean: jboss.management.local:j2eeType=J2EEDomain,name=Manager
15:57:39,350 DEBUG [ServiceConfigurator] MainDeployer set to jboss.system:service=MainDeployer in jboss.management.local:j2eeType=J2EEDomain,name=Manager
15:57:39,350 DEBUG [ServiceConfigurator] SARDeployer set to jboss.system:service=ServiceDeployer in jboss.management.local:j2eeType=J2EEDomain,name=Manager
15:57:39,351 DEBUG [ServiceConfigurator] EARDeployer set to jboss.j2ee:service=EARDeployer in jboss.management.local:j2eeType=J2EEDomain,name=Manager
15:57:39,351 DEBUG [ServiceConfigurator] EJBDeployer set to jboss.ejb:service=EJBDeployer in jboss.management.local:j2eeType=J2EEDomain,name=Manager
15:57:39,352 DEBUG [ServiceConfigurator] RARDeployer set to jboss.jca:service=RARDeployer in jboss.management.local:j2eeType=J2EEDomain,name=Manager
15:57:39,352 DEBUG [ServiceConfigurator] CMDeployer set to jboss.jca:service=ConnectionFactoryDeployer in jboss.management.local:j2eeType=J2EEDomain,name=Manager
15:57:39,353 DEBUG [ServiceConfigurator] WARDeployer set to jboss.web:service=WebServer in jboss.management.local:j2eeType=J2EEDomain,name=Manager
15:57:39,353 DEBUG [ServiceConfigurator] CARDeployer set to jboss.j2ee:service=ClientDeployer in jboss.management.local:j2eeType=J2EEDomain,name=Manager
15:57:39,354 DEBUG [ServiceConfigurator] MailService set to jboss:service=Mail in jboss.management.local:j2eeType=J2EEDomain,name=Manager
15:57:39,354 DEBUG [ServiceConfigurator] JMSService set to jboss.mq:service=DestinationManager in jboss.management.local:j2eeType=J2EEDomain,name=Manager
15:57:39,355 DEBUG [ServiceConfigurator] JNDIService set to jboss:service=Naming in jboss.management.local:j2eeType=J2EEDomain,name=Manager
15:57:39,355 DEBUG [ServiceConfigurator] JTAService set to jboss:service=TransactionManager in jboss.management.local:j2eeType=J2EEDomain,name=Manager
15:57:39,356 DEBUG [ServiceConfigurator] UserTransactionService set to jboss:service=ClientUserTransaction in jboss.management.local:j2eeType=J2EEDomain,name=Manager
15:57:39,357 DEBUG [ServiceConfigurator] RMI_IIOPService set to jboss:service=CorbaORB in jboss.management.local:j2eeType=J2EEDomain,name=Manager
15:57:39,360 DEBUG [ServiceCreator] About to create xmbean object: jboss:service=AttributePersistenceService with code: org.jboss.system.pm.AttributePersistenceService with descriptor: resource:xmdesc/AttributePersistenceService-xmbean.xml
15:57:39,378 DEBUG [ModelMBeanInvoker] Loaded persistence mgr: org.jboss.mx.persistence.ObjectStreamPersistenceManager
15:57:39,379 DEBUG [ObjectStreamPersistenceManager] load, resource:org.jboss.system.pm.AttributePersistenceService@10ffb38
15:57:39,379 DEBUG [ObjectStreamPersistenceManager] Store file is: /root/jboss-4.2.0.GA/server/default/data/xmbean-attrs/AttributePersistenceService.ser
15:57:39,379 DEBUG [ServiceCreator] Created bean: jboss:service=AttributePersistenceService
15:57:39,379 DEBUG [ServiceCreator] About to create bean: jboss.system:service=ThreadPool with code: org.jboss.util.threadpool.BasicThreadPool
15:57:39,398 DEBUG [ServiceCreator] Created bean: jboss.system:service=ThreadPool
15:57:39,399 DEBUG [ServiceConfigurator] Name set to JBoss System Threads in jboss.system:service=ThreadPool
15:57:39,399 DEBUG [ServiceConfigurator] ThreadGroupName set to System Threads in jboss.system:service=ThreadPool
15:57:39,401 DEBUG [ServiceConfigurator] KeepAliveTime set to 60000 in jboss.system:service=ThreadPool
15:57:39,401 DEBUG [ServiceConfigurator] MaximumPoolSize set to 10 in jboss.system:service=ThreadPool
15:57:39,401 DEBUG [ServiceConfigurator] MaximumQueueSize set to 1000 in jboss.system:service=ThreadPool
15:57:39,402 DEBUG [ServiceConfigurator] BlockingMode set to run in jboss.system:service=ThreadPool
15:57:39,402 DEBUG [ServiceCreator] About to create xmbean object: jboss.system:type=Log4jService,service=Logging with code: org.jboss.logging.Log4jService with descriptor: resource:xmdesc/Log4jService-xmbean.xml
15:57:39,424 DEBUG [ServiceCreator] Created bean: jboss.system:type=Log4jService,service=Logging
15:57:39,425 DEBUG [ServiceConfigurator] ConfigurationURL set to resource:jboss-log4j.xml in jboss.system:type=Log4jService,service=Logging
15:57:39,425 DEBUG [ServiceConfigurator] Log4jQuietMode set to true in jboss.system:type=Log4jService,service=Logging
15:57:39,426 DEBUG [ServiceConfigurator] RefreshPeriod set to 60 in jboss.system:type=Log4jService,service=Logging
15:57:39,426 DEBUG [ServiceCreator] About to create bean: jboss.rmi:type=RMIClassLoader with code: org.jboss.util.property.jmx.SystemPropertyClassValue
15:57:39,428 DEBUG [ServiceCreator] Created bean: jboss.rmi:type=RMIClassLoader
15:57:39,428 DEBUG [ServiceConfigurator] Property set to java.rmi.server.RMIClassLoaderSpi in jboss.rmi:type=RMIClassLoader
15:57:39,429 DEBUG [ServiceConfigurator] ClassName set to org.jboss.system.JBossRMIClassLoader in jboss.rmi:type=RMIClassLoader
15:57:39,429 DEBUG [ServiceCreator] About to create bean: jboss:service=WebService with code: org.jboss.web.WebService
15:57:39,440 DEBUG [ServiceCreator] Created bean: jboss:service=WebService
15:57:39,440 DEBUG [ServiceConfigurator] BindAddress set to 127.0.0.1 in jboss:service=WebService
15:57:39,441 DEBUG [ServiceConfigurator] Port set to 8083 in jboss:service=WebService
15:57:39,442 DEBUG [ServiceConfigurator] Host set to 127.0.0.1 in jboss:service=WebService
15:57:39,442 DEBUG [ServiceConfigurator] DownloadServerClasses set to true in jboss:service=WebService
15:57:39,442 DEBUG [ServiceConfigurator] DownloadResources set to false in jboss:service=WebService
15:57:39,442 DEBUG [ServiceController] recording that jboss:service=WebService depends on jboss.system:service=ThreadPool
15:57:39,442 DEBUG [ServiceConfigurator] considering ThreadPool with object name jboss.system:service=ThreadPool
15:57:39,447 DEBUG [ServiceCreator] About to create xmbean object: jboss:service=NamingBeanImpl with code: org.jnp.server.NamingBeanImpl with descriptor: resource:xmdesc/NamingBean-xmbean.xml
15:57:39,459 DEBUG [ServiceCreator] Created bean: jboss:service=NamingBeanImpl
15:57:39,459 DEBUG [ServiceCreator] About to create xmbean object: jboss:service=Naming with code: org.jboss.naming.NamingService with descriptor: resource:xmdesc/NamingService-xmbean.xml
15:57:39,490 DEBUG [ModelMBeanInvoker] Ignoring obsolete legacy interceptor: org.jboss.mx.interceptor.PersistenceInterceptor2
15:57:39,490 DEBUG [ModelMBeanInvoker] Ignoring obsolete legacy interceptor: org.jboss.mx.interceptor.ModelMBeanInterceptor
15:57:39,490 DEBUG [ModelMBeanInvoker] Ignoring obsolete legacy interceptor: org.jboss.mx.interceptor.ObjectReferenceInterceptor
15:57:39,491 DEBUG [ServiceCreator] Created bean: jboss:service=Naming
15:57:39,491 DEBUG [ServiceConfigurator] CallByValue set to false in jboss:service=Naming
15:57:39,492 DEBUG [ServiceConfigurator] Port set to 1099 in jboss:service=Naming
15:57:39,493 DEBUG [ServiceConfigurator] BindAddress set to 127.0.0.1 in jboss:service=Naming
15:57:39,493 DEBUG [ServiceConfigurator] RmiPort set to 1098 in jboss:service=Naming
15:57:39,493 DEBUG [ServiceConfigurator] RmiBindAddress set to 127.0.0.1 in jboss:service=Naming
15:57:39,494 DEBUG [ServiceController] recording that jboss:service=Naming depends on jboss.system:service=ThreadPool
15:57:39,494 DEBUG [ServiceConfigurator] considering LookupPool with object name jboss.system:service=ThreadPool
15:57:39,498 DEBUG [ServiceController] recording that jboss:service=Naming depends on jboss:service=NamingBeanImpl
15:57:39,498 DEBUG [ServiceConfigurator] considering Naming with object name jboss:service=NamingBeanImpl
15:57:39,505 DEBUG [ServiceCreator] About to create xmbean object: jboss:service=JNDIView with code: org.jboss.naming.JNDIView with descriptor: resource:xmdesc/JNDIView-xmbean.xml
15:57:39,524 DEBUG [ServiceCreator] Created bean: jboss:service=JNDIView
15:57:39,524 DEBUG [ServiceConfigurator] HANamingService set to jboss:service=HAJNDI in jboss:service=JNDIView
15:57:39,525 DEBUG [ServiceCreator] About to create bean: jboss.security:service=SecurityConfig with code: org.jboss.security.plugins.SecurityConfig
15:57:39,530 DEBUG [ServiceCreator] Created bean: jboss.security:service=SecurityConfig
15:57:39,530 DEBUG [ServiceConfigurator] LoginConfig set to jboss.security:service=XMLLoginConfig in jboss.security:service=SecurityConfig
15:57:39,532 DEBUG [ServiceCreator] About to create bean: jboss.security:service=XMLLoginConfig with code: org.jboss.security.auth.login.XMLLoginConfig
15:57:39,540 DEBUG [ServiceCreator] Created bean: jboss.security:service=XMLLoginConfig
15:57:39,540 DEBUG [ServiceConfigurator] ConfigResource set to login-config.xml in jboss.security:service=XMLLoginConfig
15:57:39,541 DEBUG [ServiceCreator] About to create bean: jboss.security:service=JaasSecurityManager with code: org.jboss.security.plugins.JaasSecurityManagerService
15:57:39,556 DEBUG [ServiceCreator] Created bean: jboss.security:service=JaasSecurityManager
15:57:39,557 DEBUG [ServiceConfigurator] ServerMode set to true in jboss.security:service=JaasSecurityManager
15:57:39,557 DEBUG [ServiceConfigurator] SecurityManagerClassName set to org.jboss.security.plugins.JaasSecurityManager in jboss.security:service=JaasSecurityManager
15:57:39,557 DEBUG [ServiceConfigurator] DefaultUnauthenticatedPrincipal set to anonymous in jboss.security:service=JaasSecurityManager
15:57:39,558 DEBUG [ServiceConfigurator] DefaultCacheTimeout set to 1800 in jboss.security:service=JaasSecurityManager
15:57:39,558 DEBUG [ServiceConfigurator] DefaultCacheResolution set to 60 in jboss.security:service=JaasSecurityManager
15:57:39,558 DEBUG [ServiceConfigurator] DeepCopySubjectMode set to false in jboss.security:service=JaasSecurityManager
15:57:39,558 DEBUG [JaasSecurityManagerService] setDeepCopySubjectMode=false
15:57:39,558 DEBUG [ServiceCreator] About to create bean: jboss:service=XidFactory with code: org.jboss.tm.XidFactory
15:57:39,563 DEBUG [ServiceCreator] Created bean: jboss:service=XidFactory
15:57:39,564 DEBUG [ServiceCreator] About to create bean: jboss:service=TransactionManager with code: com.arjuna.ats.jbossatx.jta.TransactionManagerService
15:57:39,613 DEBUG [ServiceCreator] Created bean: jboss:service=TransactionManager
15:57:39,614 DEBUG [ServiceConfigurator] TransactionTimeout set to 300 in jboss:service=TransactionManager
15:57:39,614 DEBUG [ServiceConfigurator] ObjectStoreDir set to /root/jboss-4.2.0.GA/server/default/data/tx-object-store in jboss:service=TransactionManager
15:57:39,614 DEBUG [ServiceCreator] About to create xmbean object: jboss:service=ClientUserTransaction with code: org.jboss.tm.usertx.server.ClientUserTransactionService with descriptor: resource:xmdesc/ClientUserTransaction-xmbean.xml
15:57:39,627 DEBUG [ServiceCreator] Created bean: jboss:service=ClientUserTransaction
15:57:39,627 DEBUG [ServiceCreator] About to create bean: jboss:service=proxyFactory,target=ClientUserTransactionFactory with code: org.jboss.invocation.jrmp.server.JRMPProxyFactory
15:57:39,637 DEBUG [ServiceCreator] Created bean: jboss:service=proxyFactory,target=ClientUserTransactionFactory
15:57:39,638 DEBUG [ServiceConfigurator] InvokerName set to jboss:service=invoker,type=jrmp in jboss:service=proxyFactory,target=ClientUserTransactionFactory
15:57:39,640 DEBUG [ServiceConfigurator] TargetName set to jboss:service=ClientUserTransaction in jboss:service=proxyFactory,target=ClientUserTransactionFactory
15:57:39,640 DEBUG [ServiceConfigurator] JndiName set to UserTransactionSessionFactory in jboss:service=proxyFactory,target=ClientUserTransactionFactory
15:57:39,642 DEBUG [ServiceConfigurator] ExportedInterface set to interface org.jboss.tm.usertx.interfaces.UserTransactionSessionFactory in jboss:service=proxyFactory,target=ClientUserTransactionFactory
15:57:39,646 DEBUG [ServiceConfigurator] ClientInterceptors set to [interceptors: null] in jboss:service=proxyFactory,target=ClientUserTransactionFactory
15:57:39,649 DEBUG [JRMPProxyFactory] added interceptor type: class org.jboss.proxy.ClientMethodInterceptor
15:57:39,649 DEBUG [JRMPProxyFactory] added interceptor type: class org.jboss.invocation.InvokerInterceptor
15:57:39,649 DEBUG [ServiceController] recording that jboss:service=proxyFactory,target=ClientUserTransactionFactory depends on jboss:service=invoker,type=jrmp
15:57:39,649 DEBUG [ServiceConfigurator] considering <anonymous> with object name jboss:service=invoker,type=jrmp
15:57:39,649 DEBUG [ServiceController] recording that jboss:service=ClientUserTransaction depends on jboss:service=proxyFactory,target=ClientUserTransactionFactory
15:57:39,649 DEBUG [ServiceConfigurator] considering <anonymous> with object name jboss:service=proxyFactory,target=ClientUserTransactionFactory
15:57:39,649 DEBUG [ServiceCreator] About to create bean: jboss:service=proxyFactory,target=ClientUserTransaction with code: org.jboss.invocation.jrmp.server.JRMPProxyFactory
15:57:39,652 DEBUG [ServiceCreator] Created bean: jboss:service=proxyFactory,target=ClientUserTransaction
15:57:39,652 DEBUG [ServiceConfigurator] InvokerName set to jboss:service=invoker,type=jrmp in jboss:service=proxyFactory,target=ClientUserTransaction
15:57:39,653 DEBUG [ServiceConfigurator] TargetName set to jboss:service=ClientUserTransaction in jboss:service=proxyFactory,target=ClientUserTransaction
15:57:39,654 DEBUG [ServiceConfigurator] ExportedInterface set to interface org.jboss.tm.usertx.interfaces.UserTransactionSession in jboss:service=proxyFactory,target=ClientUserTransaction
15:57:39,655 DEBUG [ServiceConfigurator] ClientInterceptors set to [interceptors: null] in jboss:service=proxyFactory,target=ClientUserTransaction
15:57:39,656 DEBUG [JRMPProxyFactory] added interceptor type: class org.jboss.proxy.ClientMethodInterceptor
15:57:39,656 DEBUG [JRMPProxyFactory] added interceptor type: class org.jboss.invocation.InvokerInterceptor
15:57:39,656 DEBUG [ServiceController] recording that jboss:service=proxyFactory,target=ClientUserTransaction depends on jboss:service=invoker,type=jrmp
15:57:39,656 DEBUG [ServiceConfigurator] considering <anonymous> with object name jboss:service=invoker,type=jrmp
15:57:39,656 DEBUG [ServiceController] recording that jboss:service=ClientUserTransaction depends on jboss:service=proxyFactory,target=ClientUserTransaction
15:57:39,656 DEBUG [ServiceConfigurator] considering TxProxyName with object name jboss:service=proxyFactory,target=ClientUserTransaction
15:57:39,657 DEBUG [ServiceCreator] About to create bean: jboss:service=invoker,type=unified with code: org.jboss.invocation.unified.server.UnifiedInvoker
15:57:39,668 DEBUG [ServiceCreator] Created bean: jboss:service=invoker,type=unified
15:57:39,669 DEBUG [ServiceController] recording that jboss:service=invoker,type=unified depends on jboss:service=TransactionManager
15:57:39,669 DEBUG [ServiceConfigurator] considering <anonymous> with object name jboss:service=TransactionManager
15:57:39,669 DEBUG [ServiceController] recording that jboss:service=invoker,type=unified depends on jboss.remoting:service=Connector,transport=socket
15:57:39,669 DEBUG [ServiceConfigurator] considering <anonymous> with object name jboss.remoting:service=Connector,transport=socket
15:57:39,669 DEBUG [ServiceCreator] About to create bean: jboss:service=invoker,type=jrmp with code: org.jboss.invocation.jrmp.server.JRMPInvoker
15:57:39,692 DEBUG [ServiceCreator] Created bean: jboss:service=invoker,type=jrmp
15:57:39,692 DEBUG [ServiceConfigurator] RMIObjectPort set to 4444 in jboss:service=invoker,type=jrmp
15:57:39,693 DEBUG [ServiceConfigurator] ServerAddress set to 127.0.0.1 in jboss:service=invoker,type=jrmp
15:57:39,693 DEBUG [ServiceController] recording that jboss:service=invoker,type=jrmp depends on jboss:service=TransactionManager
15:57:39,693 DEBUG [ServiceConfigurator] considering <anonymous> with object name jboss:service=TransactionManager
15:57:39,693 DEBUG [ServiceCreator] About to create bean: jboss:service=invoker,type=local with code: org.jboss.invocation.local.LocalInvoker
15:57:39,697 DEBUG [ServiceCreator] Created bean: jboss:service=invoker,type=local
15:57:39,697 DEBUG [ServiceController] recording that jboss:service=invoker,type=local depends on jboss:service=TransactionManager
15:57:39,697 DEBUG [ServiceConfigurator] considering <anonymous> with object name jboss:service=TransactionManager
15:57:39,698 DEBUG [ServiceCreator] About to create bean: jboss:service=invoker,type=pooled with code: org.jboss.invocation.pooled.server.PooledInvoker
15:57:39,708 DEBUG [ServiceCreator] Created bean: jboss:service=invoker,type=pooled
15:57:39,708 DEBUG [ServiceConfigurator] NumAcceptThreads set to 1 in jboss:service=invoker,type=pooled
15:57:39,708 DEBUG [ServiceConfigurator] MaxPoolSize set to 300 in jboss:service=invoker,type=pooled
15:57:39,708 DEBUG [ServiceConfigurator] ClientMaxPoolSize set to 300 in jboss:service=invoker,type=pooled
15:57:39,708 DEBUG [ServiceConfigurator] SocketTimeout set to 60000 in jboss:service=invoker,type=pooled
15:57:39,712 DEBUG [ServiceConfigurator] ServerBindAddress set to 127.0.0.1 in jboss:service=invoker,type=pooled
15:57:39,712 DEBUG [ServiceConfigurator] ServerBindPort set to 4445 in jboss:service=invoker,type=pooled
15:57:39,712 DEBUG [ServiceConfigurator] ClientConnectAddress set to 127.0.0.1 in jboss:service=invoker,type=pooled
15:57:39,713 DEBUG [ServiceConfigurator] ClientConnectPort set to 0 in jboss:service=invoker,type=pooled
15:57:39,713 DEBUG [ServiceConfigurator] ClientRetryCount set to 1 in jboss:service=invoker,type=pooled
15:57:39,713 DEBUG [ServiceConfigurator] EnableTcpNoDelay set to false in jboss:service=invoker,type=pooled
15:57:39,713 DEBUG [ServiceController] recording that jboss:service=invoker,type=pooled depends on jboss:service=TransactionManager
15:57:39,713 DEBUG [ServiceConfigurator] considering TransactionManagerService with object name jboss:service=TransactionManager
15:57:39,713 DEBUG [ServiceCreator] About to create bean: jboss.remoting:service=NetworkRegistry with code: org.jboss.remoting.network.NetworkRegistry
15:57:39,721 DEBUG [ServiceCreator] Created bean: jboss.remoting:service=NetworkRegistry
15:57:39,721 DEBUG [ServiceCreator] About to create bean: jboss.remoting:service=Connector,transport=socket with code: org.jboss.remoting.transport.Connector
15:57:39,727 DEBUG [ServiceCreator] Created bean: jboss.remoting:service=Connector,transport=socket
15:57:39,729 DEBUG [ServiceConfigurator] Configuration set to [config: null] in jboss.remoting:service=Connector,transport=socket
15:57:39,730 DEBUG [ServiceController] recording that jboss.remoting:service=Connector,transport=socket depends on jboss.remoting:service=NetworkRegistry
15:57:39,730 DEBUG [ServiceConfigurator] considering <anonymous> with object name jboss.remoting:service=NetworkRegistry
15:57:39,730 DEBUG [ServiceCreator] About to create bean: jboss.jdbc:service=metadata with code: org.jboss.ejb.plugins.cmp.jdbc.metadata.MetaDataLibrary
15:57:39,733 DEBUG [ServiceCreator] Created bean: jboss.jdbc:service=metadata
15:57:39,733 DEBUG [ServiceCreator] About to create bean: jboss.deployment:type=DeploymentScanner,flavor=URL with code: org.jboss.deployment.scanner.URLDeploymentScanner
15:57:39,742 DEBUG [ServiceCreator] Created bean: jboss.deployment:type=DeploymentScanner,flavor=URL
15:57:39,742 DEBUG [ServiceController] recording that jboss.deployment:type=DeploymentScanner,flavor=URL depends on jboss.system:service=MainDeployer
15:57:39,742 DEBUG [ServiceConfigurator] considering Deployer with object name jboss.system:service=MainDeployer
15:57:39,744 DEBUG [ServiceConfigurator] URLComparator set to org.jboss.deployment.DeploymentSorter in jboss.deployment:type=DeploymentScanner,flavor=URL
15:57:39,747 DEBUG [ServiceConfigurator] FilterInstance set to org.jboss.deployment.scanner.DeploymentFilter@a0864f in jboss.deployment:type=DeploymentScanner,flavor=URL
15:57:39,748 DEBUG [ServiceConfigurator] ScanPeriod set to 5000 in jboss.deployment:type=DeploymentScanner,flavor=URL
15:57:39,748 DEBUG [ServiceConfigurator] ScanEnabled set to true in jboss.deployment:type=DeploymentScanner,flavor=URL
15:57:39,748 DEBUG [ServiceConfigurator] URLs set to deploy/ in jboss.deployment:type=DeploymentScanner,flavor=URL
15:57:39,748 DEBUG [URLDeploymentScanner] Adding URL from spec: deploy/
15:57:39,748 DEBUG [URLDeploymentScanner] URL: file:/root/jboss-4.2.0.GA/server/default/deploy/
15:57:39,749 DEBUG [URLDeploymentScanner] Added url: file:/root/jboss-4.2.0.GA/server/default/deploy/
15:57:39,749 DEBUG [URLDeploymentScanner] URL list: [file:/root/jboss-4.2.0.GA/server/default/deploy/]
15:57:39,749 DEBUG [ServiceConfigurator] RecursiveSearch set to true in jboss.deployment:type=DeploymentScanner,flavor=URL
15:57:39,749 DEBUG [ServiceController] Creating service jboss.management.local:j2eeType=J2EEDomain,name=Manager
15:57:39,749 DEBUG [LocalJBossServerDomain] Creating jboss.management.local:j2eeType=J2EEDomain,name=Manager
15:57:39,749 DEBUG [LocalJBossServerDomain] setupJ2EEMBeans(), create J2EEServer instance
15:57:39,754 DEBUG [J2EEDomain] ctor, name: jboss.management.local:name=jboss.management.local,j2eeType=J2EEDomain
15:57:39,756 DEBUG [J2EEDomain] postRegister(), parent: null
15:57:39,759 DEBUG [J2EEServer] postRegister(), parent: jboss.management.local:j2eeType=J2EEDomain,name=jboss.management.local
15:57:39,772 DEBUG [JVM] postRegister(), parent: jboss.management.local:j2eeType=J2EEServer,name=Local
15:57:39,781 DEBUG [LocalJBossServerDomain] Registered as listener of: jboss.system:service=ServiceController
15:57:39,818 DEBUG [LocalJBossServerDomain] Registering with all deployers, mainDeployer=jboss.system:service=MainDeployer
15:57:39,818 DEBUG [LocalJBossServerDomain] Getting current deployers
15:57:39,818 DEBUG [LocalJBossServerDomain] Registering as listener of deployer: jboss.system:service=ServiceDeployer
15:57:39,818 DEBUG [LocalJBossServerDomain] Registering as listener of deployer: jboss.system:service=JARDeployer
15:57:39,818 DEBUG [LocalJBossServerDomain] Created jboss.management.local:j2eeType=J2EEDomain,name=Manager
15:57:39,818 DEBUG [LocalJBossServerDomain] handleNotification: javax.management.Notification[source=jboss.system:service=ServiceController][type=org.jboss.system.ServiceMBean.create][message=]
15:57:39,818 DEBUG [DefaultManagedObjectFactoryMap] Failed to find factory for event: javax.management.Notification[source=jboss.system:service=ServiceController][type=org.jboss.system.ServiceMBean.create][message=]
15:57:39,818 DEBUG [ServiceController] Creating dependent components for: jboss.management.local:j2eeType=J2EEDomain,name=Manager dependents are: []
15:57:39,818 DEBUG [ServiceController] Creating service jboss:service=AttributePersistenceService
15:57:39,819 DEBUG [AttributePersistenceService] Creating jboss:service=AttributePersistenceService
15:57:39,819 DEBUG [AttributePersistenceService] Created jboss:service=AttributePersistenceService
15:57:39,819 DEBUG [LocalJBossServerDomain] handleNotification: javax.management.Notification[source=jboss.system:service=ServiceController][type=org.jboss.system.ServiceMBean.create][message=]
15:57:39,819 DEBUG [DefaultManagedObjectFactoryMap] Failed to find factory for event: javax.management.Notification[source=jboss.system:service=ServiceController][type=org.jboss.system.ServiceMBean.create][message=]
15:57:39,819 DEBUG [ServiceController] Creating dependent components for: jboss:service=AttributePersistenceService dependents are: []
15:57:39,819 DEBUG [ServiceController] Creating service jboss.system:service=ThreadPool
15:57:39,819 DEBUG [LocalJBossServerDomain] handleNotification: javax.management.Notification[source=jboss.system:service=ServiceController][type=org.jboss.system.ServiceMBean.create][message=]
15:57:39,819 DEBUG [DefaultManagedObjectFactoryMap] Failed to find factory for event: javax.management.Notification[source=jboss.system:service=ServiceController][type=org.jboss.system.ServiceMBean.create][message=]
15:57:39,819 DEBUG [ServiceController] Creating dependent components for: jboss.system:service=ThreadPool dependents are: [ObjectName: jboss:service=WebService
  State: CONFIGURED
  I Depend On:
    jboss.system:service=ThreadPool
, ObjectName: jboss:service=Naming
  State: CONFIGURED
  I Depend On:
    jboss.system:service=ThreadPool
    jboss:service=NamingBeanImpl
]
15:57:39,819 DEBUG [ServiceController] Creating service jboss:service=WebService
15:57:39,819 DEBUG [WebService] Creating jboss:service=WebService
15:57:39,820 INFO  [WebService] Using RMI server codebase: http://127.0.0.1:8083/
15:57:39,821 DEBUG [WebService] Created jboss:service=WebService
15:57:39,821 DEBUG [LocalJBossServerDomain] handleNotification: javax.management.Notification[source=jboss.system:service=ServiceController][type=org.jboss.system.ServiceMBean.create][message=]
15:57:39,821 DEBUG [DefaultManagedObjectFactoryMap] Failed to find factory for event: javax.management.Notification[source=jboss.system:service=ServiceController][type=org.jboss.system.ServiceMBean.create][message=]
15:57:39,822 DEBUG [ServiceController] Creating dependent components for: jboss:service=WebService dependents are: []
15:57:39,822 DEBUG [ServiceController] Creating service jboss:service=Naming
15:57:39,822 DEBUG [ServiceController] waiting in create of jboss:service=Naming waiting on jboss:service=NamingBeanImpl
15:57:39,822 DEBUG [ServiceController] Creating service jboss.system:type=Log4jService,service=Logging
15:57:39,822 DEBUG [Log4jService] Creating jboss.system:type=Log4jService,service=Logging
15:57:39,824 INFO  [Log4jService$URLWatchTimerTask] Configuring from URL: resource:jboss-log4j.xml
